<?xml version="1.0" encoding="UTF-8"?>
<robot generator="Robot 7.2.2 (Python 3.12.2 on win32)" generated="2025-03-26T01:18:24.010707" rpa="false" schemaversion="5">
<suite id="s1" name="Tests" source="C:\Users\erasi\PycharmProjects\Software Test Automation\robot_tests\tests">
<suite id="s1-s1" name="Login" source="C:\Users\erasi\PycharmProjects\Software Test Automation\robot_tests\tests\login.robot">
<test id="s1-s1-t1" name="User Can Log In" line="13">
<kw name="Open Browser" owner="SeleniumLibrary">
<msg time="2025-03-26T01:18:24.230257" level="INFO">Opening browser 'chrome' to base url 'https://www.demoblaze.com'.</msg>
<arg>${URL}</arg>
<arg>${BROWSER}</arg>
<doc>Opens a new browser instance to the optional ``url``.</doc>
<status status="PASS" start="2025-03-26T01:18:24.230257" elapsed="2.402409"/>
</kw>
<kw name="Get File" owner="OperatingSystem">
<msg time="2025-03-26T01:18:26.633665" level="INFO" html="true">Getting file '&lt;a href="file://C:\Users\erasi\PycharmProjects\Software Test Automation\user_credentials.txt"&gt;C:\Users\erasi\PycharmProjects\Software Test Automation\user_credentials.txt&lt;/a&gt;'.</msg>
<msg time="2025-03-26T01:18:26.633665" level="INFO">${CREDENTIALS} = tester_3101
tester123password</msg>
<var>${CREDENTIALS}</var>
<arg>${CREDENTIALS_FILE}</arg>
<doc>Returns the contents of a specified file.</doc>
<status status="PASS" start="2025-03-26T01:18:26.633665" elapsed="0.000000"/>
</kw>
<kw name="Split String" owner="String">
<msg time="2025-03-26T01:18:26.634666" level="INFO">@{LINES} = [ tester_3101 | tester123password ]</msg>
<var>@{LINES}</var>
<arg>${CREDENTIALS}</arg>
<arg>\n</arg>
<doc>Splits the ``string`` using ``separator`` as a delimiter string.</doc>
<status status="PASS" start="2025-03-26T01:18:26.634666" elapsed="0.000000"/>
</kw>
<kw name="Set Variable" owner="BuiltIn">
<msg time="2025-03-26T01:18:26.634666" level="INFO">${USERNAME} = tester_3101</msg>
<var>${USERNAME}</var>
<arg>${LINES}[0]</arg>
<doc>Returns the given values which can then be assigned to a variables.</doc>
<status status="PASS" start="2025-03-26T01:18:26.634666" elapsed="0.000000"/>
</kw>
<kw name="Set Variable" owner="BuiltIn">
<msg time="2025-03-26T01:18:26.635667" level="INFO">${PASSWORD} = tester123password</msg>
<var>${PASSWORD}</var>
<arg>${LINES}[1]</arg>
<doc>Returns the given values which can then be assigned to a variables.</doc>
<status status="PASS" start="2025-03-26T01:18:26.635667" elapsed="0.000000"/>
</kw>
<kw name="Wait Until Element Is Visible" owner="SeleniumLibrary">
<arg>xpath=//a[contains(text(),'Log in')]</arg>
<arg>timeout=5s</arg>
<doc>Waits until the element ``locator`` is visible.</doc>
<status status="PASS" start="2025-03-26T01:18:26.635667" elapsed="0.018001"/>
</kw>
<kw name="Click Element" owner="SeleniumLibrary">
<msg time="2025-03-26T01:18:26.653668" level="INFO">Clicking element 'xpath=//a[contains(text(),'Log in')]'.</msg>
<arg>xpath=//a[contains(text(),'Log in')]</arg>
<doc>Click the element identified by ``locator``.</doc>
<status status="PASS" start="2025-03-26T01:18:26.653668" elapsed="0.089997"/>
</kw>
<kw name="Wait Until Element Is Visible" owner="SeleniumLibrary">
<arg>id=loginusername</arg>
<arg>timeout=5s</arg>
<doc>Waits until the element ``locator`` is visible.</doc>
<status status="PASS" start="2025-03-26T01:18:26.744666" elapsed="0.268514"/>
</kw>
<kw name="Input Text" owner="SeleniumLibrary">
<msg time="2025-03-26T01:18:27.014178" level="INFO">Typing text 'tester_3101' into text field 'id=loginusername'.</msg>
<arg>id=loginusername</arg>
<arg>${USERNAME}</arg>
<doc>Types the given ``text`` into the text field identified by ``locator``.</doc>
<status status="PASS" start="2025-03-26T01:18:27.014178" elapsed="0.070000"/>
</kw>
<kw name="Input Text" owner="SeleniumLibrary">
<msg time="2025-03-26T01:18:27.085179" level="INFO">Typing text 'tester123password' into text field 'id=loginpassword'.</msg>
<arg>id=loginpassword</arg>
<arg>${PASSWORD}</arg>
<doc>Types the given ``text`` into the text field identified by ``locator``.</doc>
<status status="PASS" start="2025-03-26T01:18:27.085179" elapsed="0.068999"/>
</kw>
<kw name="Click Button" owner="SeleniumLibrary">
<msg time="2025-03-26T01:18:27.154178" level="INFO">Clicking button 'xpath=//button[contains(text(),'Log in')]'.</msg>
<arg>xpath=//button[contains(text(),'Log in')]</arg>
<doc>Clicks the button identified by ``locator``.</doc>
<status status="PASS" start="2025-03-26T01:18:27.154178" elapsed="0.066000"/>
</kw>
<kw name="Wait Until Page Contains" owner="SeleniumLibrary">
<arg>Welcome ${USERNAME}</arg>
<doc>Waits until ``text`` appears on the current page.</doc>
<status status="PASS" start="2025-03-26T01:18:27.220178" elapsed="1.393172"/>
</kw>
<kw name="Close Browser" owner="SeleniumLibrary">
<doc>Closes the current browser.</doc>
<status status="PASS" start="2025-03-26T01:18:28.613350" elapsed="2.085626"/>
</kw>
<status status="PASS" start="2025-03-26T01:18:24.229254" elapsed="6.469722"/>
</test>
<status status="PASS" start="2025-03-26T01:18:24.028709" elapsed="6.671269"/>
</suite>
<suite id="s1-s2" name="Logout" source="C:\Users\erasi\PycharmProjects\Software Test Automation\robot_tests\tests\logout.robot">
<test id="s1-s2-t1" name="User Can Log Out" line="13">
<kw name="Open Browser" owner="SeleniumLibrary">
<msg time="2025-03-26T01:18:30.704979" level="INFO">Opening browser 'chrome' to base url 'https://www.demoblaze.com'.</msg>
<arg>${URL}</arg>
<arg>${BROWSER}</arg>
<doc>Opens a new browser instance to the optional ``url``.</doc>
<status status="PASS" start="2025-03-26T01:18:30.704979" elapsed="2.218478"/>
</kw>
<kw name="Get File" owner="OperatingSystem">
<msg time="2025-03-26T01:18:32.924455" level="INFO" html="true">Getting file '&lt;a href="file://C:\Users\erasi\PycharmProjects\Software Test Automation\user_credentials.txt"&gt;C:\Users\erasi\PycharmProjects\Software Test Automation\user_credentials.txt&lt;/a&gt;'.</msg>
<msg time="2025-03-26T01:18:32.924455" level="INFO">${CREDENTIALS} = tester_3101
tester123password</msg>
<var>${CREDENTIALS}</var>
<arg>${CREDENTIALS_FILE}</arg>
<doc>Returns the contents of a specified file.</doc>
<status status="PASS" start="2025-03-26T01:18:32.923457" elapsed="0.000998"/>
</kw>
<kw name="Split String" owner="String">
<msg time="2025-03-26T01:18:32.924455" level="INFO">@{LINES} = [ tester_3101 | tester123password ]</msg>
<var>@{LINES}</var>
<arg>${CREDENTIALS}</arg>
<arg>\n</arg>
<doc>Splits the ``string`` using ``separator`` as a delimiter string.</doc>
<status status="PASS" start="2025-03-26T01:18:32.924455" elapsed="0.001002"/>
</kw>
<kw name="Set Variable" owner="BuiltIn">
<msg time="2025-03-26T01:18:32.925457" level="INFO">${USERNAME} = tester_3101</msg>
<var>${USERNAME}</var>
<arg>${LINES}[0]</arg>
<doc>Returns the given values which can then be assigned to a variables.</doc>
<status status="PASS" start="2025-03-26T01:18:32.925457" elapsed="0.000000"/>
</kw>
<kw name="Set Variable" owner="BuiltIn">
<msg time="2025-03-26T01:18:32.925457" level="INFO">${PASSWORD} = tester123password</msg>
<var>${PASSWORD}</var>
<arg>${LINES}[1]</arg>
<doc>Returns the given values which can then be assigned to a variables.</doc>
<status status="PASS" start="2025-03-26T01:18:32.925457" elapsed="0.000000"/>
</kw>
<kw name="Wait Until Element Is Visible" owner="SeleniumLibrary">
<arg>xpath=//a[contains(text(),'Log in')]</arg>
<arg>timeout=5s</arg>
<doc>Waits until the element ``locator`` is visible.</doc>
<status status="PASS" start="2025-03-26T01:18:32.925457" elapsed="0.015001"/>
</kw>
<kw name="Click Element" owner="SeleniumLibrary">
<msg time="2025-03-26T01:18:32.941455" level="INFO">Clicking element 'xpath=//a[contains(text(),'Log in')]'.</msg>
<arg>xpath=//a[contains(text(),'Log in')]</arg>
<doc>Click the element identified by ``locator``.</doc>
<status status="PASS" start="2025-03-26T01:18:32.941455" elapsed="0.050000"/>
</kw>
<kw name="Wait Until Element Is Visible" owner="SeleniumLibrary">
<arg>id=loginusername</arg>
<arg>timeout=5s</arg>
<doc>Waits until the element ``locator`` is visible.</doc>
<status status="PASS" start="2025-03-26T01:18:32.991455" elapsed="0.224001"/>
</kw>
<kw name="Input Text" owner="SeleniumLibrary">
<msg time="2025-03-26T01:18:33.216459" level="INFO">Typing text 'tester_3101' into text field 'id=loginusername'.</msg>
<arg>id=loginusername</arg>
<arg>${USERNAME}</arg>
<doc>Types the given ``text`` into the text field identified by ``locator``.</doc>
<status status="PASS" start="2025-03-26T01:18:33.215456" elapsed="0.074000"/>
</kw>
<kw name="Input Text" owner="SeleniumLibrary">
<msg time="2025-03-26T01:18:33.289456" level="INFO">Typing text 'tester123password' into text field 'id=loginpassword'.</msg>
<arg>id=loginpassword</arg>
<arg>${PASSWORD}</arg>
<doc>Types the given ``text`` into the text field identified by ``locator``.</doc>
<status status="PASS" start="2025-03-26T01:18:33.289456" elapsed="0.072001"/>
</kw>
<kw name="Click Button" owner="SeleniumLibrary">
<msg time="2025-03-26T01:18:33.362457" level="INFO">Clicking button 'xpath=//button[contains(text(),'Log in')]'.</msg>
<arg>xpath=//button[contains(text(),'Log in')]</arg>
<doc>Clicks the button identified by ``locator``.</doc>
<status status="PASS" start="2025-03-26T01:18:33.362457" elapsed="0.061999"/>
</kw>
<kw name="Wait Until Page Contains" owner="SeleniumLibrary">
<arg>Welcome ${USERNAME}</arg>
<doc>Waits until ``text`` appears on the current page.</doc>
<status status="PASS" start="2025-03-26T01:18:33.424456" elapsed="1.255862"/>
</kw>
<kw name="Click Element" owner="SeleniumLibrary">
<msg time="2025-03-26T01:18:34.680318" level="INFO">Clicking element 'xpath=//a[contains(text(),'Log out')]'.</msg>
<arg>xpath=//a[contains(text(),'Log out')]</arg>
<doc>Click the element identified by ``locator``.</doc>
<status status="PASS" start="2025-03-26T01:18:34.680318" elapsed="0.330401"/>
</kw>
<kw name="Wait Until Element Is Visible" owner="SeleniumLibrary">
<arg>xpath=//a[contains(text(),'Log in')]</arg>
<arg>timeout=5s</arg>
<doc>Waits until the element ``locator`` is visible.</doc>
<status status="PASS" start="2025-03-26T01:18:35.010719" elapsed="0.010998"/>
</kw>
<kw name="Close Browser" owner="SeleniumLibrary">
<doc>Closes the current browser.</doc>
<status status="PASS" start="2025-03-26T01:18:35.021717" elapsed="2.092968"/>
</kw>
<status status="PASS" start="2025-03-26T01:18:30.704979" elapsed="6.409706"/>
</test>
<status status="PASS" start="2025-03-26T01:18:30.700979" elapsed="6.414706"/>
</suite>
<suite id="s1-s3" name="Signup" source="C:\Users\erasi\PycharmProjects\Software Test Automation\robot_tests\tests\signup.robot">
<test id="s1-s3-t1" name="User Can Sign Up" line="12">
<kw name="Open Browser" owner="SeleniumLibrary">
<msg time="2025-03-26T01:18:37.120687" level="INFO">Opening browser 'chrome' to base url 'https://www.demoblaze.com'.</msg>
<arg>${URL}</arg>
<arg>${BROWSER}</arg>
<doc>Opens a new browser instance to the optional ``url``.</doc>
<status status="PASS" start="2025-03-26T01:18:37.119684" elapsed="2.230527"/>
</kw>
<kw name="Evaluate" owner="BuiltIn">
<msg time="2025-03-26T01:18:39.351212" level="INFO">${RANDOM} = 7390</msg>
<var>${RANDOM}</var>
<arg>random.randint(1000, 9999)</arg>
<arg>modules=random</arg>
<doc>Evaluates the given expression in Python and returns the result.</doc>
<status status="PASS" start="2025-03-26T01:18:39.350211" elapsed="0.001001"/>
</kw>
<kw name="Set Variable" owner="BuiltIn">
<msg time="2025-03-26T01:18:39.351212" level="INFO">${USERNAME} = tester_7390</msg>
<var>${USERNAME}</var>
<arg>tester_${RANDOM}</arg>
<doc>Returns the given values which can then be assigned to a variables.</doc>
<status status="PASS" start="2025-03-26T01:18:39.351212" elapsed="0.000000"/>
</kw>
<kw name="Set Variable" owner="BuiltIn">
<msg time="2025-03-26T01:18:39.351212" level="INFO">${PASSWORD} = tester123password</msg>
<var>${PASSWORD}</var>
<arg>tester123password</arg>
<doc>Returns the given values which can then be assigned to a variables.</doc>
<status status="PASS" start="2025-03-26T01:18:39.351212" elapsed="0.000000"/>
</kw>
<kw name="Wait Until Element Is Visible" owner="SeleniumLibrary">
<arg>xpath=//a[contains(text(),'Sign up')]</arg>
<arg>timeout=5s</arg>
<doc>Waits until the element ``locator`` is visible.</doc>
<status status="PASS" start="2025-03-26T01:18:39.351212" elapsed="0.018999"/>
</kw>
<kw name="Click Element" owner="SeleniumLibrary">
<msg time="2025-03-26T01:18:39.370211" level="INFO">Clicking element 'xpath=//a[contains(text(),'Sign up')]'.</msg>
<arg>xpath=//a[contains(text(),'Sign up')]</arg>
<doc>Click the element identified by ``locator``.</doc>
<status status="PASS" start="2025-03-26T01:18:39.370211" elapsed="0.048999"/>
</kw>
<kw name="Wait Until Element Is Visible" owner="SeleniumLibrary">
<arg>id=sign-username</arg>
<arg>timeout=5s</arg>
<doc>Waits until the element ``locator`` is visible.</doc>
<status status="PASS" start="2025-03-26T01:18:39.420210" elapsed="0.224561"/>
</kw>
<kw name="Input Text" owner="SeleniumLibrary">
<msg time="2025-03-26T01:18:39.644771" level="INFO">Typing text 'tester_7390' into text field 'id=sign-username'.</msg>
<arg>id=sign-username</arg>
<arg>${USERNAME}</arg>
<doc>Types the given ``text`` into the text field identified by ``locator``.</doc>
<status status="PASS" start="2025-03-26T01:18:39.644771" elapsed="0.072165"/>
</kw>
<kw name="Input Text" owner="SeleniumLibrary">
<msg time="2025-03-26T01:18:39.716936" level="INFO">Typing text 'tester123password' into text field 'id=sign-password'.</msg>
<arg>id=sign-password</arg>
<arg>${PASSWORD}</arg>
<doc>Types the given ``text`` into the text field identified by ``locator``.</doc>
<status status="PASS" start="2025-03-26T01:18:39.716936" elapsed="0.072000"/>
</kw>
<kw name="Click Button" owner="SeleniumLibrary">
<msg time="2025-03-26T01:18:39.789936" level="INFO">Clicking button 'xpath=//button[contains(text(),'Sign up')]'.</msg>
<arg>xpath=//button[contains(text(),'Sign up')]</arg>
<doc>Clicks the button identified by ``locator``.</doc>
<status status="PASS" start="2025-03-26T01:18:39.789936" elapsed="0.070998"/>
</kw>
<kw name="Handle Alert" owner="SeleniumLibrary">
<msg time="2025-03-26T01:18:39.860934" level="INFO">HANDLE::&lt;class 'NoneType'&gt;::None</msg>
<arg>Accept</arg>
<doc>Handles the current alert and returns its message.</doc>
<status status="PASS" start="2025-03-26T01:18:39.860934" elapsed="0.509420"/>
</kw>
<kw name="Create File" owner="OperatingSystem">
<msg time="2025-03-26T01:18:40.371355" level="INFO" html="true">Created file '&lt;a href="file://C:\Users\erasi\PycharmProjects\Software Test Automation\user_credentials.txt"&gt;C:\Users\erasi\PycharmProjects\Software Test Automation\user_credentials.txt&lt;/a&gt;'.</msg>
<arg>${CREDENTIALS_FILE}</arg>
<arg>${USERNAME}\n${PASSWORD}</arg>
<doc>Creates a file with the given content and encoding.</doc>
<status status="PASS" start="2025-03-26T01:18:40.370354" elapsed="0.001001"/>
</kw>
<kw name="Close Browser" owner="SeleniumLibrary">
<doc>Closes the current browser.</doc>
<status status="PASS" start="2025-03-26T01:18:40.371355" elapsed="2.092558"/>
</kw>
<status status="PASS" start="2025-03-26T01:18:37.119684" elapsed="5.344229"/>
</test>
<status status="PASS" start="2025-03-26T01:18:37.115685" elapsed="5.349229"/>
</suite>
<status status="PASS" start="2025-03-26T01:18:24.012706" elapsed="18.452208"/>
</suite>
<statistics>
<total>
<stat pass="3" fail="0" skip="0">All Tests</stat>
</total>
<tag>
</tag>
<suite>
<stat name="Tests" id="s1" pass="3" fail="0" skip="0">Tests</stat>
<stat name="Login" id="s1-s1" pass="1" fail="0" skip="0">Tests.Login</stat>
<stat name="Logout" id="s1-s2" pass="1" fail="0" skip="0">Tests.Logout</stat>
<stat name="Signup" id="s1-s3" pass="1" fail="0" skip="0">Tests.Signup</stat>
</suite>
</statistics>
<errors>
</errors>
</robot>
